Cache Settings
--------------
L1 (C,B,S): (10,6,1). Replacement policy: LFU. Prefetcher disabled.
L2 (C,B,S): (15,6,3). Replacement policy: LFU. Strided prefetcher. Prefetch insertion policy: LIP.

Cache Statistics
----------------
Reads: 482548
Writes: 17452

L1 accesses: 500000
L1 hits: 257287
L1 misses: 242713
L1 hit ratio: 0.515
L1 miss ratio: 0.485
L1 average access time (AAT): 8.160

L2 reads: 242713
L2 writes: 4922
L2 read hits: 223238
L2 read misses: 19475
L2 prefetches: 16504
L2 read hit ratio: 0.920
L2 read miss ratio: 0.080
L2 average access time (AAT): 13.824
