Cache Settings
--------------
L1 (C,B,S): (10,6,1). Replacement policy: LRU. Prefetcher disabled.
L2 (C,B,S): (15,6,3). Replacement policy: LRU. +1 prefetcher. Prefetch insertion policy: MIP.

Cache Statistics
----------------
Reads: 315500
Writes: 184500

L1 accesses: 500000
L1 hits: 407045
L1 misses: 92955
L1 hit ratio: 0.814
L1 miss ratio: 0.186
L1 average access time (AAT): 3.573

L2 reads: 92955
L2 writes: 35291
L2 read hits: 87733
L2 read misses: 5222
L2 prefetches: 3401
L2 read hit ratio: 0.944
L2 read miss ratio: 0.056
L2 average access time (AAT): 11.418
