Cache Settings
--------------
L1 (C,B,S): (10,6,1). Replacement policy: LRU. Prefetcher disabled.
L2 (C,B,S): (15,6,3). Replacement policy: LRU. +1 prefetcher. Prefetch insertion policy: LIP.

Cache Statistics
----------------
Reads: 304587
Writes: 195413

L1 accesses: 500000
L1 hits: 428152
L1 misses: 71848
L1 hit ratio: 0.856
L1 miss ratio: 0.144
L1 average access time (AAT): 2.527

L2 reads: 71848
L2 writes: 28453
L2 read hits: 70629
L2 read misses: 1219
L2 prefetches: 1200
L2 read hit ratio: 0.983
L2 read miss ratio: 0.017
L2 average access time (AAT): 7.497
