Cache Settings
--------------
L1 (C,B,S): (10,6,1). Replacement policy: LFU. Prefetcher disabled.
L2 (C,B,S): (15,6,3). Replacement policy: LFU. Strided prefetcher. Prefetch insertion policy: LIP.

Cache Statistics
----------------
Reads: 304587
Writes: 195413

L1 accesses: 500000
L1 hits: 428152
L1 misses: 71848
L1 hit ratio: 0.856
L1 miss ratio: 0.144
L1 average access time (AAT): 2.624

L2 reads: 71848
L2 writes: 28453
L2 read hits: 70143
L2 read misses: 1705
L2 prefetches: 1685
L2 read hit ratio: 0.976
L2 read miss ratio: 0.024
L2 average access time (AAT): 8.173
