Cache Settings
--------------
L1 (C,B,S): (10,6,1). Replacement policy: LRU. Prefetcher disabled.
L2 (C,B,S): (15,6,3). Replacement policy: LRU. +1 prefetcher. Prefetch insertion policy: LIP.

Cache Statistics
----------------
Reads: 332993
Writes: 167007

L1 accesses: 500000
L1 hits: 415859
L1 misses: 84141
L1 hit ratio: 0.832
L1 miss ratio: 0.168
L1 average access time (AAT): 6.681

L2 reads: 84141
L2 writes: 42466
L2 read hits: 62864
L2 read misses: 21277
L2 prefetches: 21192
L2 read hit ratio: 0.747
L2 read miss ratio: 0.253
L2 average access time (AAT): 31.087
